<?xml version="1.0" encoding="UTF-8"?>
<!-- Generated by org.testng.reporters.JUnitReportReporter -->
<testsuite hostname="SOMESH-VERENKAR-007" failures="0" tests="8" name="TestNG.InvocationCount" time="0.031" errors="0" timestamp="2022-01-12T12:31:10 IST" skipped="0">
  <testcase classname="TestNG.InvocationCount" name="settings" time="0.002"/>
  <system-out>
    <![CDATA[Settings]]>
  </system-out>
  <testcase classname="TestNG.InvocationCount" name="chats" time="0.010"/>
  <system-out>
    <![CDATA[Chats]]>
  </system-out>
  <testcase classname="TestNG.InvocationCount" name="chats" time="0.001"/>
  <system-out>
    <![CDATA[Chats]]>
  </system-out>
  <testcase classname="TestNG.InvocationCount" name="chats" time="0.005"/>
  <system-out>
    <![CDATA[Chats]]>
  </system-out>
  <testcase classname="TestNG.InvocationCount" name="settings" time="0.001"/>
  <system-out>
    <![CDATA[Settings]]>
  </system-out>
  <testcase classname="TestNG.InvocationCount" name="calls" time="0.004"/>
  <system-out>
    <![CDATA[Calls]]>
  </system-out>
  <testcase classname="TestNG.InvocationCount" name="calls" time="0.003"/>
  <system-out>
    <![CDATA[Calls]]>
  </system-out>
  <testcase classname="TestNG.InvocationCount" name="calls" time="0.005"/>
  <system-out>
    <![CDATA[Calls]]>
  </system-out>
</testsuite> <!-- TestNG.InvocationCount -->
