<?xml version="1.0" encoding="UTF-8"?>
<!-- Generated by org.testng.reporters.JUnitReportReporter -->
<testsuite hostname="SOMESH-VERENKAR-007" failures="0" tests="3" name="TestNG.Priority" time="0.011" errors="0" timestamp="2022-01-12T12:31:10 IST" skipped="0">
  <testcase classname="TestNG.Priority" name="chats" time="0.003"/>
  <system-out>
    <![CDATA[Chats]]>
  </system-out>
  <testcase classname="TestNG.Priority" name="settings" time="0.006"/>
  <system-out>
    <![CDATA[Settings]]>
  </system-out>
  <testcase classname="TestNG.Priority" name="calls" time="0.002"/>
  <system-out>
    <![CDATA[Calls]]>
  </system-out>
</testsuite> <!-- TestNG.Priority -->
