<?xml version="1.0" encoding="UTF-8"?>
<!-- Generated by org.testng.reporters.JUnitReportReporter -->
<testsuite hostname="SOMESH-VERENKAR-007" failures="0" tests="7" name="TestNG.ToSkip_enabled" time="0.025" errors="0" timestamp="2022-01-12T12:31:10 IST" skipped="1">
  <testcase classname="TestNG.ToSkip_enabled" name="chats" time="0.003"/>
  <system-out>
    <![CDATA[Chats]]>
  </system-out>
  <testcase classname="TestNG.ToSkip_enabled" name="chats" time="0.002"/>
  <system-out>
    <![CDATA[Chats]]>
  </system-out>
  <testcase classname="TestNG.ToSkip_enabled" name="chats" time="0.002"/>
  <system-out>
    <![CDATA[Chats]]>
  </system-out>
  <testcase classname="TestNG.ToSkip_enabled" name="calls" time="0.014"/>
  <system-out>
    <![CDATA[Calls]]>
  </system-out>
  <testcase classname="TestNG.ToSkip_enabled" name="calls" time="0.002"/>
  <system-out>
    <![CDATA[Calls]]>
  </system-out>
  <testcase classname="TestNG.ToSkip_enabled" name="calls" time="0.002"/>
  <system-out>
    <![CDATA[Calls]]>
  </system-out>
  <testcase classname="TestNG.ToSkip_enabled" name="settings">
    <skipped/>
  </testcase> <!-- settings -->
  <system-out/>
</testsuite> <!-- TestNG.ToSkip_enabled -->
