<?xml version="1.0" encoding="UTF-8"?>
<!-- Generated by org.testng.reporters.JUnitReportReporter -->
<testsuite hostname="SOMESH-VERENKAR-007" failures="0" tests="2" name="TestNG.Test0" time="0.012" errors="0" timestamp="2022-01-12T12:31:10 IST" skipped="0">
  <testcase classname="TestNG.Test0" name="demo" time="0.010"/>
  <system-out>
    <![CDATA[Hello jaan, true
Hello World, False]]>
  </system-out>
  <testcase classname="TestNG.Test0" name="demo1" time="0.002"/>
  <system-out>
    <![CDATA[Hello Disney
Hello World]]>
  </system-out>
</testsuite> <!-- TestNG.Test0 -->
